<?xml version="1.0" encoding="UTF-8"?>
<!-- Generated by org.testng.reporters.JUnitXMLReporter -->
<testsuite hostname="OJT11" name="Test" tests="4" failures="0" timestamp="28 Mar 2016 13:54:40 GMT" time="44.937" errors="0">
  <testcase name="logintest" time="19.293" classname="com.orangehrm.baseclasses.login"/>
  <testcase name="addemploytest1" time="23.534" classname="com.orangehrm.baseclasses.Addemployee"/>
  <testcase name="screen" time="0.328" classname="com.orangehrm.baseclasses.screenshottest"/>
  <testcase name="logouttes" time="1.747" classname="com.orangehrm.baseclasses.logooutt"/>
</testsuite> <!-- Test -->
